# JRE version: OpenJDK Runtime Environment (8.0_151-b12) (build 1.8.0_151-8u151-b12-0ubuntu0.16.04.2-b12)
# Java VM: OpenJDK 64-Bit Server VM (25.151-b12 mixed mode linux-amd64 compressed oops)
Heap:
 PSYoungGen      total 122880K, used 101257K [0x00000000f5900000, 0x00000000ff180000, 0x0000000100000000)
  eden space 93696K, 82% used [0x00000000f5900000,0x00000000fa42d650,0x00000000fb480000)
  from space 29184K, 83% used [0x00000000fd480000,0x00000000fec35108,0x00000000ff100000)
  to   space 31232K, 0% used [0x00000000fb480000,0x00000000fb480000,0x00000000fd300000)
 ParOldGen       total 125440K, used 83388K [0x00000000e0a00000, 0x00000000e8480000, 0x00000000f5900000)
  object space 125440K, 66% used [0x00000000e0a00000,0x00000000e5b6f170,0x00000000e8480000)
 Metaspace       used 37196K, capacity 40357K, committed 40576K, reserved 1085440K
  class space    used 4705K, capacity 5218K, committed 5248K, reserved 1048576K
GC Heap History (10 events):
Event: 310.757 GC heap before
{Heap before GC invocations=45 (full 3):
 PSYoungGen      total 132096K, used 132080K [0x00000000f5900000, 0x00000000ff180000, 0x0000000100000000)
  eden space 113152K, 100% used [0x00000000f5900000,0x00000000fc780000,0x00000000fc780000)
  from space 18944K, 99% used [0x00000000fcc00000,0x00000000fde7c0f8,0x00000000fde80000)
  to   space 19456K, 0% used [0x00000000fde80000,0x00000000fde80000,0x00000000ff180000)
 ParOldGen       total 125440K, used 81264K [0x00000000e0a00000, 0x00000000e8480000, 0x00000000f5900000)
  object space 125440K, 64% used [0x00000000e0a00000,0x00000000e595c120,0x00000000e8480000)
 Metaspace       used 36393K, capacity 39333K, committed 39424K, reserved 1083392K
  class space    used 4614K, capacity 5090K, committed 5120K, reserved 1048576K
Event: 310.787 GC heap after
Heap after GC invocations=45 (full 3):
 PSYoungGen      total 128512K, used 19440K [0x00000000f5900000, 0x00000000ff280000, 0x0000000100000000)
  eden space 109056K, 0% used [0x00000000f5900000,0x00000000f5900000,0x00000000fc380000)
  from space 19456K, 99% used [0x00000000fde80000,0x00000000ff17c0f8,0x00000000ff180000)
  to   space 24064K, 0% used [0x00000000fc380000,0x00000000fc380000,0x00000000fdb00000)
 ParOldGen       total 125440K, used 82880K [0x00000000e0a00000, 0x00000000e8480000, 0x00000000f5900000)
  object space 125440K, 66% used [0x00000000e0a00000,0x00000000e5af0188,0x00000000e8480000)
 Metaspace       used 36393K, capacity 39333K, committed 39424K, reserved 1083392K
  class space    used 4614K, capacity 5090K, committed 5120K, reserved 1048576K
}
Event: 330.041 GC heap before
{Heap before GC invocations=46 (full 3):
 PSYoungGen      total 128512K, used 128496K [0x00000000f5900000, 0x00000000ff280000, 0x0000000100000000)
  eden space 109056K, 100% used [0x00000000f5900000,0x00000000fc380000,0x00000000fc380000)
  from space 19456K, 99% used [0x00000000fde80000,0x00000000ff17c0f8,0x00000000ff180000)
  to   space 24064K, 0% used [0x00000000fc380000,0x00000000fc380000,0x00000000fdb00000)
 ParOldGen       total 125440K, used 82880K [0x00000000e0a00000, 0x00000000e8480000, 0x00000000f5900000)
  object space 125440K, 66% used [0x00000000e0a00000,0x00000000e5af0188,0x00000000e8480000)
 Metaspace       used 36449K, capacity 39409K, committed 39680K, reserved 1083392K
  class space    used 4616K, capacity 5092K, committed 5120K, reserved 1048576K
Event: 330.067 GC heap after
Heap after GC invocations=46 (full 3):
 PSYoungGen      total 124928K, used 19536K [0x00000000f5900000, 0x00000000ff180000, 0x0000000100000000)
  eden space 104960K, 0% used [0x00000000f5900000,0x00000000f5900000,0x00000000fbf80000)
  from space 19968K, 97% used [0x00000000fc380000,0x00000000fd6940f8,0x00000000fd700000)
  to   space 25600K, 0% used [0x00000000fd880000,0x00000000fd880000,0x00000000ff180000)
 ParOldGen       total 125440K, used 83224K [0x00000000e0a00000, 0x00000000e8480000, 0x00000000f5900000)
  object space 125440K, 66% used [0x00000000e0a00000,0x00000000e5b46188,0x00000000e8480000)
 Metaspace       used 36449K, capacity 39409K, committed 39680K, reserved 1083392K
  class space    used 4616K, capacity 5092K, committed 5120K, reserved 1048576K
}
Event: 345.261 GC heap before
{Heap before GC invocations=47 (full 3):
 PSYoungGen      total 124928K, used 124496K [0x00000000f5900000, 0x00000000ff180000, 0x0000000100000000)
  eden space 104960K, 100% used [0x00000000f5900000,0x00000000fbf80000,0x00000000fbf80000)
  from space 19968K, 97% used [0x00000000fc380000,0x00000000fd6940f8,0x00000000fd700000)
  to   space 25600K, 0% used [0x00000000fd880000,0x00000000fd880000,0x00000000ff180000)
 ParOldGen       total 125440K, used 83224K [0x00000000e0a00000, 0x00000000e8480000, 0x00000000f5900000)
  object space 125440K, 66% used [0x00000000e0a00000,0x00000000e5b46188,0x00000000e8480000)
 Metaspace       used 36507K, capacity 39451K, committed 39680K, reserved 1083392K
  class space    used 4619K, capacity 5099K, committed 5120K, reserved 1048576K
Event: 345.283 GC heap after
Heap after GC invocations=47 (full 3):
 PSYoungGen      total 125440K, used 21432K [0x00000000f5900000, 0x00000000ff080000, 0x0000000100000000)
  eden space 100864K, 0% used [0x00000000f5900000,0x00000000f5900000,0x00000000fbb80000)
  from space 24576K, 87% used [0x00000000fd880000,0x00000000fed6e238,0x00000000ff080000)
  to   space 27136K, 0% used [0x00000000fbb80000,0x00000000fbb80000,0x00000000fd600000)
 ParOldGen       total 125440K, used 83232K [0x00000000e0a00000, 0x00000000e8480000, 0x00000000f5900000)
  object space 125440K, 66% used [0x00000000e0a00000,0x00000000e5b48188,0x00000000e8480000)
 Metaspace       used 36507K, capacity 39451K, committed 39680K, reserved 1083392K
  class space    used 4619K, capacity 5099K, committed 5120K, reserved 1048576K
}
Event: 362.774 GC heap before
{Heap before GC invocations=48 (full 3):
 PSYoungGen      total 125440K, used 122296K [0x00000000f5900000, 0x00000000ff080000, 0x0000000100000000)
  eden space 100864K, 100% used [0x00000000f5900000,0x00000000fbb80000,0x00000000fbb80000)
  from space 24576K, 87% used [0x00000000fd880000,0x00000000fed6e238,0x00000000ff080000)
  to   space 27136K, 0% used [0x00000000fbb80000,0x00000000fbb80000,0x00000000fd600000)
 ParOldGen       total 125440K, used 83232K [0x00000000e0a00000, 0x00000000e8480000, 0x00000000f5900000)
  object space 125440K, 66% used [0x00000000e0a00000,0x00000000e5b48218,0x00000000e8480000)
 Metaspace       used 36587K, capacity 39623K, committed 39680K, reserved 1083392K
  class space    used 4623K, capacity 5105K, committed 5120K, reserved 1048576K
Event: 362.805 GC heap after
Heap after GC invocations=48 (full 3):
 PSYoungGen      total 119808K, used 22302K [0x00000000f5900000, 0x00000000ff100000, 0x0000000100000000)
  eden space 97280K, 0% used [0x00000000f5900000,0x00000000f5900000,0x00000000fb800000)
  from space 22528K, 98% used [0x00000000fbb80000,0x00000000fd1479b0,0x00000000fd180000)
  to   space 29184K, 0% used [0x00000000fd480000,0x00000000fd480000,0x00000000ff100000)
 ParOldGen       total 125440K, used 83240K [0x00000000e0a00000, 0x00000000e8480000, 0x00000000f5900000)
  object space 125440K, 66% used [0x00000000e0a00000,0x00000000e5b4a218,0x00000000e8480000)
 Metaspace       used 36587K, capacity 39623K, committed 39680K, reserved 1083392K
  class space    used 4623K, capacity 5105K, committed 5120K, reserved 1048576K
}
Event: 400.197 GC heap before
{Heap before GC invocations=49 (full 3):
 PSYoungGen      total 119808K, used 119582K [0x00000000f5900000, 0x00000000ff100000, 0x0000000100000000)
  eden space 97280K, 100% used [0x00000000f5900000,0x00000000fb800000,0x00000000fb800000)
  from space 22528K, 98% used [0x00000000fbb80000,0x00000000fd1479b0,0x00000000fd180000)
  to   space 29184K, 0% used [0x00000000fd480000,0x00000000fd480000,0x00000000ff100000)
 ParOldGen       total 125440K, used 83244K [0x00000000e0a00000, 0x00000000e8480000, 0x00000000f5900000)
  object space 125440K, 66% used [0x00000000e0a00000,0x00000000e5b4b170,0x00000000e8480000)
 Metaspace       used 36911K, capacity 40071K, committed 40320K, reserved 1085440K
  class space    used 4675K, capacity 5175K, committed 5248K, reserved 1048576K
Event: 400.226 GC heap after
Heap after GC invocations=49 (full 3):
 PSYoungGen      total 122880K, used 24276K [0x00000000f5900000, 0x00000000ff180000, 0x0000000100000000)
  eden space 93696K, 0% used [0x00000000f5900000,0x00000000f5900000,0x00000000fb480000)
  from space 29184K, 83% used [0x00000000fd480000,0x00000000fec35108,0x00000000ff100000)
  to   space 31232K, 0% used [0x00000000fb480000,0x00000000fb480000,0x00000000fd300000)
 ParOldGen       total 125440K, used 83388K [0x00000000e0a00000, 0x00000000e8480000, 0x00000000f5900000)
  object space 125440K, 66% used [0x00000000e0a00000,0x00000000e5b6f170,0x00000000e8480000)
 Metaspace       used 36911K, capacity 40071K, committed 40320K, reserved 1085440K
  class space    used 4675K, capacity 5175K, committed 5248K, reserved 1048576K
}

